<?xml version="1.0" encoding="UTF-8"?>
<!-- Generated by org.testng.reporters.JUnitXMLReporter -->
<testsuite hostname="Mir-PC" ignored="0" name="Default test" tests="3" failures="0" timestamp="23 Sep 2019 15:25:54 GMT" time="0.754" errors="0">
  <testcase name="doLogin" time="0.016" classname="com.zoho.hybrid.SuiteA.LoginTest"/>
  <testcase name="doLogin" time="0.0" classname="com.zoho.hybrid.SuiteA.LoginTest">
    <skipped/>
  </testcase> <!-- doLogin -->
  <testcase name="doLogin" time="0.0" classname="com.zoho.hybrid.SuiteA.LoginTest">
    <skipped/>
  </testcase> <!-- doLogin -->
</testsuite> <!-- Default test -->
